2025-02-16 07:45:15 - [31m[1mWARNING: This is a development server. Do not use it in a production deployment. Use a production WSGI server instead.[0m
 * Running on http://127.0.0.1:5000
2025-02-16 07:45:15 - [33mPress CTRL+C to quit[0m
2025-02-16 07:45:15 -  * Restarting with stat
2025-02-16 07:45:15 -  * Debugger is active!
2025-02-16 07:45:15 -  * Debugger PIN: 479-978-836
2025-02-16 07:45:20 - 127.0.0.1 - - [16/Feb/2025 07:45:20] "[32mGET /admin/participants HTTP/1.1[0m" 302 -
2025-02-16 07:45:20 - 127.0.0.1 - - [16/Feb/2025 07:45:20] "[35m[1mGET /login?next=/admin/participants HTTP/1.1[0m" 500 -
2025-02-16 07:45:20 - 127.0.0.1 - - [16/Feb/2025 07:45:20] "GET /login?__debugger__=yes&cmd=resource&f=style.css HTTP/1.1" 200 -
2025-02-16 07:45:20 - 127.0.0.1 - - [16/Feb/2025 07:45:20] "GET /login?__debugger__=yes&cmd=resource&f=debugger.js HTTP/1.1" 200 -
2025-02-16 07:45:20 - 127.0.0.1 - - [16/Feb/2025 07:45:20] "GET /login?__debugger__=yes&cmd=resource&f=console.png&s=7cNA3xmaDQMnGyENNBuL HTTP/1.1" 200 -
2025-02-16 07:45:20 - 127.0.0.1 - - [16/Feb/2025 07:45:20] "GET /login?__debugger__=yes&cmd=resource&f=console.png HTTP/1.1" 200 -
2025-02-16 07:45:24 - 127.0.0.1 - - [16/Feb/2025 07:45:24] "[32mGET /admin/conflicts HTTP/1.1[0m" 302 -
2025-02-16 07:45:24 - 127.0.0.1 - - [16/Feb/2025 07:45:24] "[35m[1mGET /login?next=/admin/conflicts HTTP/1.1[0m" 500 -
2025-02-16 07:45:26 - 127.0.0.1 - - [16/Feb/2025 07:45:26] "[33mGET /admin/admins HTTP/1.1[0m" 404 -
2025-02-16 07:45:27 - 127.0.0.1 - - [16/Feb/2025 07:45:27] "[32mGET /admin HTTP/1.1[0m" 302 -
2025-02-16 07:45:27 - 127.0.0.1 - - [16/Feb/2025 07:45:27] "[35m[1mGET /login?next=/admin HTTP/1.1[0m" 500 -
2025-02-16 07:45:31 -  * Detected change in 'd:\\HACATON_ADMIN\\app.py', reloading
2025-02-16 07:45:31 -  * Restarting with stat
2025-02-16 08:19:22 - AdminID: 1 | Action: Participant created | Target: Participant 2
2025-02-16 08:26:14 - AdminID: 1 | Action: Admin created | Target: User 3
2025-02-16 12:52:21 - AdminID: 1 | Action: Admin created | Target: User 2
2025-02-16 12:53:00 - AdminID: 1 | Action: User created | Target: AuthorizedUser 1
2025-02-16 12:53:02 - AdminID: 1 | Action: User approved | Target: AuthorizedUser 1
2025-02-16 12:53:07 - AdminID: 1 | Action: User created | Target: AuthorizedUser 2
2025-02-16 12:54:39 - AdminID: 1 | Action: Municipality created | Target: Municipality 1
2025-02-16 12:54:47 - AdminID: 1 | Action: Conflict created | Target: Conflict 1
2025-02-16 12:54:57 - AdminID: 1 | Action: Participant created | Target: Participant 1
2025-02-16 15:37:14 - AdminID: 1 | Action: Login successful
2025-02-16 15:40:00 - AdminID: 1 | Action: User created | Target: AuthorizedUser 1
2025-02-16 15:40:03 - AdminID: 1 | Action: User rejected | Target: AuthorizedUser 1
2025-02-16 15:40:05 - AdminID: 1 | Action: User rejected | Target: AuthorizedUser 1
2025-02-16 15:40:05 - AdminID: 1 | Action: User approved | Target: AuthorizedUser 1
2025-02-16 15:40:08 - AdminID: 1 | Action: User deleted | Target: AuthorizedUser 1
2025-02-16 15:40:56 - AdminID: 1 | Action: User created | Target: AuthorizedUser 1
2025-02-16 15:41:05 - AdminID: 1 | Action: User rejected | Target: AuthorizedUser 1
2025-02-16 15:41:06 - AdminID: 1 | Action: User rejected | Target: AuthorizedUser 1
2025-02-16 15:41:07 - AdminID: 1 | Action: User rejected | Target: AuthorizedUser 1
2025-02-16 15:41:07 - AdminID: 1 | Action: User rejected | Target: AuthorizedUser 1
2025-02-16 15:41:07 - AdminID: 1 | Action: User rejected | Target: AuthorizedUser 1
2025-02-16 15:41:29 - AdminID: 1 | Action: User rejected | Target: AuthorizedUser 1
2025-02-16 15:41:31 - AdminID: 1 | Action: User deleted | Target: AuthorizedUser 1
2025-02-16 15:43:36 - AdminID: 1 | Action: User created | Target: AuthorizedUser 1
2025-02-16 15:43:37 - AdminID: 1 | Action: User rejected | Target: AuthorizedUser 1
2025-02-16 15:47:29 - AdminID: 1 | Action: User rejected | Target: AuthorizedUser 1
2025-02-16 15:47:29 - AdminID: 1 | Action: User rejected | Target: AuthorizedUser 1
2025-02-16 15:47:30 - AdminID: 1 | Action: User rejected | Target: AuthorizedUser 1
2025-02-16 15:47:30 - AdminID: 1 | Action: User rejected | Target: AuthorizedUser 1
2025-02-16 15:47:30 - AdminID: 1 | Action: User rejected | Target: AuthorizedUser 1
2025-02-16 15:47:30 - AdminID: 1 | Action: User rejected | Target: AuthorizedUser 1
2025-02-16 15:47:32 - AdminID: 1 | Action: User deleted | Target: AuthorizedUser 1
2025-02-16 15:47:36 - AdminID: 1 | Action: User created | Target: AuthorizedUser 1
2025-02-16 15:47:37 - AdminID: 1 | Action: User rejected | Target: AuthorizedUser 1
2025-02-16 15:48:21 - AdminID: 1 | Action: User rejected | Target: AuthorizedUser 1
2025-02-16 15:48:22 - AdminID: 1 | Action: User deleted | Target: AuthorizedUser 1
2025-02-16 15:48:26 - AdminID: 1 | Action: User created | Target: AuthorizedUser 1
2025-02-16 15:48:27 - AdminID: 1 | Action: User approved | Target: AuthorizedUser 1
2025-02-16 15:48:46 - AdminID: 1 | Action: User deleted | Target: AuthorizedUser 1
2025-02-16 15:52:03 - AdminID: 1 | Action: User created | Target: AuthorizedUser 1
2025-02-16 15:52:04 - AdminID: 1 | Action: User rejected | Target: AuthorizedUser 1
2025-02-16 15:52:05 - AdminID: 1 | Action: User deleted | Target: AuthorizedUser 1
2025-02-16 15:52:08 - AdminID: 1 | Action: User created | Target: AuthorizedUser 1
2025-02-16 15:52:09 - AdminID: 1 | Action: User approved | Target: AuthorizedUser 1
2025-02-16 15:52:11 - AdminID: 1 | Action: User deleted | Target: AuthorizedUser 1
2025-02-16 15:52:16 - AdminID: 1 | Action: User created | Target: AuthorizedUser 1
2025-02-16 15:52:19 - AdminID: 1 | Action: User created | Target: AuthorizedUser 2
2025-02-16 15:52:20 - AdminID: 1 | Action: User approved | Target: AuthorizedUser 1
2025-02-16 15:52:21 - AdminID: 1 | Action: User rejected | Target: AuthorizedUser 2
2025-02-16 15:52:22 - AdminID: 1 | Action: User deleted | Target: AuthorizedUser 2
2025-02-16 15:52:23 - AdminID: 1 | Action: User deleted | Target: AuthorizedUser 1
2025-02-16 15:57:44 - AdminID: 1 | Action: Conflict created | Target: Conflict 1
2025-02-16 15:57:54 - AdminID: 1 | Action: Participant created | Target: Participant 1
2025-02-16 16:08:17 - AdminID: 1 | Action: Conflict created | Target: Conflict 1
2025-02-16 16:08:25 - AdminID: 1 | Action: Participant created | Target: Participant 1
2025-02-16 16:08:32 - AdminID: 1 | Action: Conflict updated | Target: Conflict 1
2025-02-16 16:25:33 - AdminID: 1 | Action: Participant updated | Target: Participant 1
2025-02-16 16:25:36 - AdminID: 1 | Action: Participant updated | Target: Participant 1
2025-02-16 16:57:11 - AdminID: 1 | Action: Participant updated | Target: Participant 1
2025-02-16 16:57:14 - AdminID: 1 | Action: Participant updated | Target: Participant 1
2025-02-16 16:57:17 - AdminID: 1 | Action: Participant updated | Target: Participant 1
2025-02-16 16:57:20 - AdminID: 1 | Action: Participant updated | Target: Participant 1
2025-02-16 16:59:15 - AdminID: 1 | Action: Participant updated | Target: Participant 1
2025-02-16 16:59:20 - AdminID: 1 | Action: Participant updated | Target: Participant 1
2025-02-16 16:59:23 - AdminID: 1 | Action: Participant updated | Target: Participant 1
2025-02-16 16:59:26 - AdminID: 1 | Action: Participant updated | Target: Participant 1
2025-02-16 16:59:31 - AdminID: 1 | Action: Conflict updated | Target: Conflict 1
2025-02-16 17:00:24 - AdminID: 1 | Action: Conflict updated | Target: Conflict 1
2025-02-16 17:00:29 - AdminID: 1 | Action: Conflict updated | Target: Conflict 1
2025-02-16 17:03:43 - AdminID: 1 | Action: Conflict updated | Target: Conflict 1
2025-02-16 17:04:09 - AdminID: 1 | Action: Conflict updated | Target: Conflict 1
2025-02-16 17:22:19 - AdminID: 1 | Action: Admin created | Target: User 2
2025-02-16 17:22:21 - AdminID: 1 | Action: Logged out
2025-02-16 17:22:23 - AdminID: 2 | Action: Login successful
2025-02-16 17:22:26 - AdminID: 2 | Action: Admin deleted | Target: User 2
2025-02-16 17:22:43 - AdminID: 1 | Action: Login successful
2025-02-16 17:24:11 - AdminID: 1 | Action: Admin created | Target: User 2
2025-02-16 17:24:13 - AdminID: 1 | Action: Admin deleted | Target: User 2
2025-02-16 17:59:11 - AdminID: 1 | Action: Conflict created | Target: Conflict 1
2025-02-16 17:59:20 - AdminID: 1 | Action: Participant created | Target: Participant 1
2025-02-16 17:59:27 - AdminID: 1 | Action: Participant updated | Target: Participant 1
2025-02-16 18:09:33 - AdminID: 1 | Action: Conflict created | Target: Conflict 2
2025-02-16 18:09:47 - AdminID: 1 | Action: Participant created | Target: Participant 2
2025-02-16 18:10:02 - AdminID: 1 | Action: Participant updated | Target: Participant 2
2025-02-16 18:11:56 - AdminID: 1 | Action: Participant created | Target: Participant 3
2025-02-16 18:12:02 - AdminID: 1 | Action: Participant updated | Target: Participant 3
2025-02-16 19:15:25 - AdminID: 1 | Action: Login successful
2025-02-16 19:28:29 - AdminID: 1 | Action: Participant created | Target: Participant 1
2025-02-16 19:30:38 - AdminID: 1 | Action: Participant created | Target: Participant 1
2025-02-16 19:30:41 - AdminID: 1 | Action: Participant updated | Target: Participant 1
